<?xml version="1.0" encoding="UTF-8"?>
<testsuite xmlns:xsi="http://www.w3.org/2001/XMLSchema-instance" xsi:noNamespaceSchemaLocation="https://maven.apache.org/surefire/maven-surefire-plugin/xsd/surefire-test-report-3.0.xsd" version="3.0" name="com.inn.limit_micoservice.LimitMicoserviceApplicationTests" time="25.212" tests="1" errors="0" skipped="0" failures="0">
  <properties>
[...]
</properties>
  <testcase name="contextLoads" classname="com.inn.limit_micoservice.LimitMicoserviceApplicationTests" time="5.451">
    <system-out><![CDATA[12:52:35.514 [main] INFO org.springframework.test.context.support.AnnotationConfigContextLoaderUtils -- Could not detect default configuration classes for test class [com.inn.limit_micoservice.LimitMicoserviceApplicationTests]: LimitMicoserviceApplicationTests does not declare any static, non-private, non-final, nested classes annotated with @Configuration.
12:52:38.447 [main] INFO org.springframework.boot.test.context.SpringBootTestContextBootstrapper -- Found @SpringBootConfiguration com.inn.limit_micoservice.LimitMicoserviceApplication for test class com.inn.limit_micoservice.LimitMicoserviceApplicationTests
12:52:40.402 [main] INFO org.springframework.boot.devtools.restart.RestartApplicationListener -- Restart disabled due to context in which it is running

  .   ____          _            __ _ _
 /\\ / ___'_ __ _ _(_)_ __  __ _ \ \ \ \
( ( )\___ | '_ | '_| | '_ \/ _` | \ \ \ \
 \\/  ___)| |_)| | | | | || (_| |  ) ) ) )
  '  |____| .__|_| |_|_| |_\__, | / / / /
 =========|_|==============|___/=/_/_/_/
 :: Spring Boot ::                (v3.2.5)

2024-05-24T12:52:46.109+05:30  INFO 14260 --- [limit-micoservice] [           main] c.i.l.LimitMicoserviceApplicationTests   : Starting LimitMicoserviceApplicationTests using Java 21.0.2 with PID 14260 (started by Akash in C:\Users\Akash\Downloads\limit-micoservice)
2024-05-24T12:52:46.115+05:30  INFO 14260 --- [limit-micoservice] [           main] c.i.l.LimitMicoserviceApplicationTests   : No active profile set, falling back to 1 default profile: "default"
2024-05-24T12:52:46.528+05:30  INFO 14260 --- [limit-micoservice] [           main] o.s.c.c.c.ConfigServerConfigDataLoader   : Fetching config from server at : http://localhost:8888
2024-05-24T12:52:46.528+05:30  INFO 14260 --- [limit-micoservice] [           main] o.s.c.c.c.ConfigServerConfigDataLoader   : Exception on Url - http://localhost:8888:org.springframework.web.client.ResourceAccessException: I/O error on GET request for "http://localhost:8888/limit-micoservice/default": Connection refused: getsockopt. Will be trying the next url if available
2024-05-24T12:52:46.529+05:30  WARN 14260 --- [limit-micoservice] [           main] o.s.c.c.c.ConfigServerConfigDataLoader   : Could not locate PropertySource ([ConfigServerConfigDataResource@205b132e uris = array<String>['http://localhost:8888'], optional = true, profiles = 'default']): I/O error on GET request for "http://localhost:8888/limit-micoservice/default": Connection refused: getsockopt
2024-05-24T12:52:46.529+05:30  INFO 14260 --- [limit-micoservice] [           main] o.s.c.c.c.ConfigServerConfigDataLoader   : Fetching config from server at : http://localhost:8888
2024-05-24T12:52:46.529+05:30  INFO 14260 --- [limit-micoservice] [           main] o.s.c.c.c.ConfigServerConfigDataLoader   : Exception on Url - http://localhost:8888:org.springframework.web.client.ResourceAccessException: I/O error on GET request for "http://localhost:8888/limit-micoservice/default": Connection refused: getsockopt. Will be trying the next url if available
2024-05-24T12:52:46.530+05:30  WARN 14260 --- [limit-micoservice] [           main] o.s.c.c.c.ConfigServerConfigDataLoader   : Could not locate PropertySource ([ConfigServerConfigDataResource@256a1825 uris = array<String>['http://localhost:8888'], optional = true, profiles = 'default']): I/O error on GET request for "http://localhost:8888/limit-micoservice/default": Connection refused: getsockopt
2024-05-24T12:52:46.530+05:30  INFO 14260 --- [limit-micoservice] [           main] o.s.c.c.c.ConfigServerConfigDataLoader   : Fetching config from server at : http://localhost:8888
2024-05-24T12:52:46.530+05:30  INFO 14260 --- [limit-micoservice] [           main] o.s.c.c.c.ConfigServerConfigDataLoader   : Exception on Url - http://localhost:8888:org.springframework.web.client.ResourceAccessException: I/O error on GET request for "http://localhost:8888/limit-micoservice/default": Connection refused: getsockopt. Will be trying the next url if available
2024-05-24T12:52:46.530+05:30  WARN 14260 --- [limit-micoservice] [           main] o.s.c.c.c.ConfigServerConfigDataLoader   : Could not locate PropertySource ([ConfigServerConfigDataResource@29a4f594 uris = array<String>['http://localhost:8888'], optional = true, profiles = 'default']): I/O error on GET request for "http://localhost:8888/limit-micoservice/default": Connection refused: getsockopt
2024-05-24T12:52:50.268+05:30  INFO 14260 --- [limit-micoservice] [           main] o.s.cloud.context.scope.GenericScope     : BeanFactory id=2d4188a6-2517-3975-b69b-f667259bac58
2024-05-24T12:52:52.391+05:30  INFO 14260 --- [limit-micoservice] [           main] c.i.l.LimitMicoserviceApplicationTests   : Started LimitMicoserviceApplicationTests in 12.159 seconds (process running for 25.268)
]]></system-out>
    <system-err><![CDATA[WARNING: A Java agent has been loaded dynamically (C:\Users\Akash\.m2\repository\net\bytebuddy\byte-buddy-agent\1.14.13\byte-buddy-agent-1.14.13.jar)
WARNING: If a serviceability tool is in use, please run with -XX:+EnableDynamicAgentLoading to hide this warning
WARNING: If a serviceability tool is not in use, please run with -Djdk.instrument.traceUsage for more information
WARNING: Dynamic loading of agents will be disallowed by default in a future release
]]></system-err>
  </testcase>
</testsuite>